INFO [2023-03-23 21:06:49] $area1
INFO [2023-03-23 21:06:49] nrow(wt.nmr.taxa)
INFO [2023-03-23 21:06:49] 
INFO [2023-03-23 21:06:49] $area2
INFO [2023-03-23 21:06:49] nrow(lab.nmr.taxa)
INFO [2023-03-23 21:06:49] 
INFO [2023-03-23 21:06:49] $area3
INFO [2023-03-23 21:06:49] nrow(m.taxa)
INFO [2023-03-23 21:06:49] 
INFO [2023-03-23 21:06:49] $cross.area
INFO [2023-03-23 21:06:49] length(overlap)
INFO [2023-03-23 21:06:49] 
INFO [2023-03-23 21:06:49] $category
INFO [2023-03-23 21:06:49] c("NMRwt", "NMRlab", "Mouse")
INFO [2023-03-23 21:06:49] 
INFO [2023-03-23 21:06:49] $fill
INFO [2023-03-23 21:06:49] c("blue", "forestgreen", "firebrick")
INFO [2023-03-23 21:06:49] 
INFO [2023-03-23 21:06:49] $lty
INFO [2023-03-23 21:06:49] [1] "blank"
INFO [2023-03-23 21:06:49] 
INFO [2023-03-23 21:06:49] $filename
INFO [2023-03-23 21:06:49] NULL
INFO [2023-03-23 21:06:49] 
