INFO [2023-03-23 21:07:01] $area1
INFO [2023-03-23 21:07:01] nrow(wt.nmr.taxa)
INFO [2023-03-23 21:07:01] 
INFO [2023-03-23 21:07:01] $area2
INFO [2023-03-23 21:07:01] nrow(lab.nmr.taxa)
INFO [2023-03-23 21:07:01] 
INFO [2023-03-23 21:07:01] $area3
INFO [2023-03-23 21:07:01] nrow(m.taxa)
INFO [2023-03-23 21:07:01] 
INFO [2023-03-23 21:07:01] $cross.area
INFO [2023-03-23 21:07:01] length(overlap)
INFO [2023-03-23 21:07:01] 
INFO [2023-03-23 21:07:01] $category
INFO [2023-03-23 21:07:01] c("NMRwt", "NMRlab", "Mouse")
INFO [2023-03-23 21:07:01] 
INFO [2023-03-23 21:07:01] $fill
INFO [2023-03-23 21:07:01] c("blue", "forestgreen", "firebrick")
INFO [2023-03-23 21:07:01] 
INFO [2023-03-23 21:07:01] $lty
INFO [2023-03-23 21:07:01] [1] "blank"
INFO [2023-03-23 21:07:01] 
INFO [2023-03-23 21:07:01] $filename
INFO [2023-03-23 21:07:01] NULL
INFO [2023-03-23 21:07:01] 
